<?xml version="1.0" encoding="UTF-8"?>
<!-- Generated by org.testng.reporters.JUnitXMLReporter -->
<testsuite ignored="1" hostname="DESKTOP-ITN6E2L" failures="0" tests="4" name="Regression Testing" time="18.99" errors="0" timestamp="2023-05-02T17:07:54 IST">
  <testcase classname="testngconcepts.ParallerExecution" name="yahoorSearchTest" time="5.01"/>
  <testcase classname="testngconcepts.TestNGPriority" name="validateGmailLinkTest" time="0.134"/>
  <testcase classname="testngconcepts.ParallerExecution" name="googlrSearchTest" time="6.294"/>
  <testcase classname="testngconcepts.TestNGPriority" name="validateGoogleLogoTest" time="0.043"/>
  <testcase classname="testngconcepts.TestNGPriority" name="validateImageLinkTest" time="0.0">
    <ignored/>
  </testcase> <!-- validateImageLinkTest -->
</testsuite> <!-- Regression Testing -->
