<?xml version="1.0" encoding="UTF-8"?>
<!-- Generated by org.testng.reporters.JUnitXMLReporter -->
<testsuite ignored="1" hostname="DESKTOP-ITN6E2L" failures="0" tests="4" name="Test" time="23.956" errors="0" timestamp="2023-05-02T16:56:16 IST">
  <testcase classname="testngconcepts.ParallerExecution" name="yahoorSearchTest" time="6.305"/>
  <testcase classname="testngconcepts.TestNGPriority" name="validateGmailLinkTest" time="0.16"/>
  <testcase classname="testngconcepts.ParallerExecution" name="googlrSearchTest" time="7.18"/>
  <testcase classname="testngconcepts.TestNGPriority" name="validateGoogleLogoTest" time="0.054"/>
  <testcase classname="testngconcepts.TestNGPriority" name="validateImageLinkTest" time="0.0">
    <ignored/>
  </testcase> <!-- validateImageLinkTest -->
</testsuite> <!-- Test -->
